2018-12-01 15:26:09 engine.py [line:26] INFO: Start time : 2018-12-01 15:26:09.144000
2018-12-01 15:26:09 engine.py [line:31] INFO: End time : 2018-12-01 15:26:09.196000
2018-12-01 15:26:09 engine.py [line:34] INFO: Using time : 0.052 sec
2018-12-01 16:08:07 engine.py [line:28] INFO: Start time : 2018-12-01 16:08:07.692000
2018-12-01 16:08:08 engine.py [line:33] INFO: End time : 2018-12-01 16:08:08.421000
2018-12-01 16:08:08 engine.py [line:36] INFO: Using time : 0.729 sec
2018-12-01 16:08:45 engine.py [line:28] INFO: Start time : 2018-12-01 16:08:45.743000
2018-12-01 16:08:47 engine.py [line:33] INFO: End time : 2018-12-01 16:08:47.973000
2018-12-01 16:08:47 engine.py [line:36] INFO: Using time : 2.23 sec
2018-12-01 16:21:41 engine.py [line:28] INFO: Start time : 2018-12-01 16:21:41.851000
2018-12-01 16:22:07 engine.py [line:28] INFO: Start time : 2018-12-01 16:22:07.683000
2018-12-01 16:22:07 scheduler.py [line:33] WARNING: Filter Request [GET] <http://www.baidu.com/>
2018-12-01 16:22:07 downloader.py [line:40] INFO: [200] <http://www.baidu.com/>
2018-12-01 16:22:07 downloader.py [line:40] INFO: [200] <http://news.baidu.com/>
2018-12-01 16:22:08 engine.py [line:33] INFO: End time : 2018-12-01 16:22:08.484000
2018-12-01 16:22:08 engine.py [line:36] INFO: Using time : 0.801 sec
2018-12-01 17:12:36 engine.py [line:28] INFO: Start time : 2018-12-01 17:12:36.798000
2018-12-01 17:12:36 scheduler.py [line:33] WARNING: Filter Request [GET] <http://www.baidu.com/>
2018-12-01 17:12:36 downloader.py [line:40] INFO: [200] <http://www.baidu.com/>
2018-12-01 17:13:55 engine.py [line:28] INFO: Start time : 2018-12-01 17:13:55.139000
2018-12-01 17:13:55 scheduler.py [line:33] WARNING: Filter Request [GET] <http://www.baidu.com/>
2018-12-01 17:13:55 downloader.py [line:40] INFO: [200] <http://www.baidu.com/>
2018-12-01 17:14:49 engine.py [line:28] INFO: Start time : 2018-12-01 17:14:49.877000
2018-12-01 17:14:50 downloader.py [line:40] INFO: [200] <https://movie.douban.com/top250?start=0>
2018-12-01 17:14:51 downloader.py [line:40] INFO: [200] <https://movie.douban.com/top250?start=25>
2018-12-01 17:14:52 downloader.py [line:40] INFO: [200] <https://movie.douban.com/top250?start=50>
2018-12-01 17:14:53 downloader.py [line:40] INFO: [200] <https://movie.douban.com/top250?start=75>
2018-12-01 17:14:54 downloader.py [line:40] INFO: [200] <https://movie.douban.com/top250?start=100>
2018-12-01 17:14:55 downloader.py [line:40] INFO: [200] <https://movie.douban.com/top250?start=125>
2018-12-01 17:14:56 downloader.py [line:40] INFO: [200] <https://movie.douban.com/top250?start=150>
2018-12-01 17:14:57 downloader.py [line:40] INFO: [200] <https://movie.douban.com/top250?start=175>
2018-12-01 17:14:58 downloader.py [line:40] INFO: [200] <https://movie.douban.com/top250?start=200>
2018-12-01 17:14:59 downloader.py [line:40] INFO: [200] <https://movie.douban.com/top250?start=225>
2018-12-01 17:15:00 downloader.py [line:40] INFO: [200] <https://movie.douban.com/subject/1292052/>
2018-12-01 17:15:58 engine.py [line:28] INFO: Start time : 2018-12-01 17:15:58.705000
2018-12-01 17:15:59 downloader.py [line:40] INFO: [200] <https://movie.douban.com/top250?start=0>
2018-12-01 17:16:00 downloader.py [line:40] INFO: [200] <https://movie.douban.com/top250?start=25>
2018-12-01 17:16:01 downloader.py [line:40] INFO: [200] <https://movie.douban.com/top250?start=50>
2018-12-01 17:16:03 downloader.py [line:40] INFO: [200] <https://movie.douban.com/top250?start=75>
2018-12-01 17:16:04 downloader.py [line:40] INFO: [200] <https://movie.douban.com/top250?start=100>
2018-12-01 17:16:06 downloader.py [line:40] INFO: [200] <https://movie.douban.com/top250?start=125>
2018-12-01 17:16:08 downloader.py [line:40] INFO: [200] <https://movie.douban.com/top250?start=150>
2018-12-01 17:16:09 downloader.py [line:40] INFO: [200] <https://movie.douban.com/top250?start=175>
2018-12-01 17:16:22 engine.py [line:28] INFO: Start time : 2018-12-01 17:16:22.020000
2018-12-01 17:16:22 downloader.py [line:40] INFO: [200] <https://movie.douban.com/top250?start=0>
2018-12-01 17:16:23 downloader.py [line:40] INFO: [200] <https://movie.douban.com/top250?start=25>
2018-12-01 17:16:25 downloader.py [line:40] INFO: [200] <https://movie.douban.com/subject/1292052/>
2018-12-01 17:16:27 downloader.py [line:40] INFO: [200] <https://movie.douban.com/subject/1291546/>
2018-12-01 17:16:29 downloader.py [line:40] INFO: [200] <https://movie.douban.com/subject/1295644/>
2018-12-01 17:16:31 downloader.py [line:40] INFO: [200] <https://movie.douban.com/subject/1292720/>
2018-12-01 17:16:33 downloader.py [line:40] INFO: [200] <https://movie.douban.com/subject/1292063/>
2018-12-01 17:16:35 downloader.py [line:40] INFO: [200] <https://movie.douban.com/subject/1292722/>
2018-12-01 17:16:37 downloader.py [line:40] INFO: [200] <https://movie.douban.com/subject/1291561/>
2018-12-01 17:16:39 downloader.py [line:40] INFO: [200] <https://movie.douban.com/subject/1295124/>
2018-12-01 17:16:41 downloader.py [line:40] INFO: [200] <https://movie.douban.com/subject/3541415/>
2018-12-01 17:16:42 downloader.py [line:40] INFO: [200] <https://movie.douban.com/subject/2131459/>
2018-12-01 17:16:44 downloader.py [line:40] INFO: [200] <https://movie.douban.com/subject/3011091/>
2018-12-01 17:16:47 downloader.py [line:40] INFO: [200] <https://movie.douban.com/subject/3793023/>
2018-12-01 17:16:49 downloader.py [line:40] INFO: [200] <https://movie.douban.com/subject/1292001/>
2018-12-01 17:16:51 downloader.py [line:40] INFO: [200] <https://movie.douban.com/subject/1291549/>
2018-12-01 17:16:54 downloader.py [line:40] INFO: [200] <https://movie.douban.com/subject/1292213/>
2018-12-01 17:16:56 downloader.py [line:40] INFO: [200] <https://movie.douban.com/subject/1292064/>
2018-12-01 17:16:58 downloader.py [line:40] INFO: [200] <https://movie.douban.com/subject/1291841/>
2018-12-01 17:17:01 downloader.py [line:40] INFO: [200] <https://movie.douban.com/subject/1889243/>
2018-12-01 17:17:03 downloader.py [line:40] INFO: [200] <https://movie.douban.com/subject/1291560/>
2018-12-01 17:17:05 downloader.py [line:40] INFO: [200] <https://movie.douban.com/subject/5912992/>
2018-12-01 17:17:07 downloader.py [line:40] INFO: [200] <https://movie.douban.com/subject/1307914/>
2018-12-01 17:17:09 downloader.py [line:40] INFO: [200] <https://movie.douban.com/subject/1849031/>
2018-12-01 17:17:11 downloader.py [line:40] INFO: [200] <https://movie.douban.com/subject/6786002/>
2018-12-01 17:17:14 downloader.py [line:40] INFO: [200] <https://movie.douban.com/subject/3319755/>
2018-12-01 17:17:15 downloader.py [line:40] INFO: [200] <https://movie.douban.com/subject/1300267/>
2018-12-01 17:17:18 downloader.py [line:40] INFO: [200] <https://movie.douban.com/subject/25662329/>
2018-12-01 17:17:20 downloader.py [line:40] INFO: [200] <https://movie.douban.com/subject/1851857/>
2018-12-01 17:17:22 downloader.py [line:40] INFO: [200] <https://movie.douban.com/subject/1291828/>
2018-12-01 17:17:23 downloader.py [line:40] INFO: [200] <https://movie.douban.com/subject/1292365/>
2018-12-01 17:17:25 downloader.py [line:40] INFO: [200] <https://movie.douban.com/subject/1929463/>
2018-12-01 17:17:26 downloader.py [line:40] INFO: [200] <https://movie.douban.com/subject/1293182/>
2018-12-01 17:17:28 downloader.py [line:40] INFO: [200] <https://movie.douban.com/subject/1291858/>
2018-12-01 17:17:29 downloader.py [line:40] INFO: [200] <https://movie.douban.com/subject/1291552/>
2018-12-01 17:17:30 downloader.py [line:40] INFO: [200] <https://movie.douban.com/subject/1296141/>
2018-12-01 17:17:31 downloader.py [line:40] INFO: [200] <https://movie.douban.com/subject/1292000/>
2018-12-01 17:17:33 downloader.py [line:40] INFO: [200] <https://movie.douban.com/subject/1291583/>
2018-12-01 17:17:34 downloader.py [line:40] INFO: [200] <https://movie.douban.com/subject/2129039/>
2018-12-01 17:17:35 downloader.py [line:40] INFO: [200] <https://movie.douban.com/subject/1299398/>
2018-12-01 17:17:37 downloader.py [line:40] INFO: [200] <https://movie.douban.com/subject/1293839/>
2018-12-01 17:17:38 downloader.py [line:40] INFO: [200] <https://movie.douban.com/subject/26387939/>
2018-12-01 17:17:39 downloader.py [line:40] INFO: [200] <https://movie.douban.com/subject/1900841/>
2018-12-01 17:17:40 downloader.py [line:40] INFO: [200] <https://movie.douban.com/subject/21937445/>
2018-12-01 17:17:41 downloader.py [line:40] INFO: [200] <https://movie.douban.com/subject/1293350/>
2018-12-01 17:17:42 downloader.py [line:40] INFO: [200] <https://movie.douban.com/subject/1298624/>
2018-12-01 17:17:44 downloader.py [line:40] INFO: [200] <https://movie.douban.com/subject/1308807/>
2018-12-01 17:17:45 downloader.py [line:40] INFO: [200] <https://movie.douban.com/subject/1292224/>
2018-12-01 17:17:46 downloader.py [line:40] INFO: [200] <https://movie.douban.com/subject/1291548/>
2018-12-01 17:17:47 downloader.py [line:40] INFO: [200] <https://movie.douban.com/subject/1309046/>
2018-12-01 17:17:48 downloader.py [line:40] INFO: [200] <https://movie.douban.com/subject/3442220/>
2018-12-01 17:17:49 downloader.py [line:40] INFO: [200] <https://movie.douban.com/subject/1299131/>
2018-12-01 17:17:50 engine.py [line:33] INFO: End time : 2018-12-01 17:17:50.519000
2018-12-01 17:17:50 engine.py [line:36] INFO: Using time : 88.499 sec
2018-12-01 17:33:40 engine.py [line:29] INFO: Start time : 2018-12-01 17:33:40.746000
2018-12-01 17:33:40 scheduler.py [line:33] WARNING: Filter Request [GET] <http://www.baidu.com/>
2018-12-01 17:33:40 downloader.py [line:40] INFO: [200] <http://www.baidu.com/>
2018-12-01 17:33:56 engine.py [line:29] INFO: Start time : 2018-12-01 17:33:56.449000
2018-12-01 17:33:56 scheduler.py [line:33] WARNING: Filter Request [GET] <http://www.baidu.com/>
2018-12-01 17:33:56 downloader.py [line:40] INFO: [200] <http://www.baidu.com/>
2018-12-01 17:34:45 engine.py [line:29] INFO: Start time : 2018-12-01 17:34:45.947000
2018-12-01 17:34:45 scheduler.py [line:33] WARNING: Filter Request [GET] <http://www.baidu.com/>
2018-12-01 17:34:46 downloader.py [line:40] INFO: [200] <http://www.baidu.com/>
2018-12-01 17:34:46 downloader.py [line:40] INFO: [200] <http://news.baidu.com/>
2018-12-01 17:34:47 downloader.py [line:40] INFO: [200] <https://movie.douban.com/top250?start=0>
2018-12-01 17:34:48 downloader.py [line:40] INFO: [200] <https://movie.douban.com/top250?start=25>
2018-12-01 17:34:49 downloader.py [line:40] INFO: [200] <https://movie.douban.com/subject/1292052/>
2018-12-01 17:34:52 downloader.py [line:40] INFO: [200] <https://movie.douban.com/subject/1291546/>
2018-12-01 17:34:54 downloader.py [line:40] INFO: [200] <https://movie.douban.com/subject/1295644/>
2018-12-01 17:34:57 downloader.py [line:40] INFO: [200] <https://movie.douban.com/subject/1292720/>
2018-12-01 17:34:59 downloader.py [line:40] INFO: [200] <https://movie.douban.com/subject/1292063/>
2018-12-01 17:35:01 downloader.py [line:40] INFO: [200] <https://movie.douban.com/subject/1292722/>
2018-12-01 17:35:04 downloader.py [line:40] INFO: [200] <https://movie.douban.com/subject/1291561/>
2018-12-01 17:35:06 downloader.py [line:40] INFO: [200] <https://movie.douban.com/subject/1295124/>
2018-12-01 17:35:08 downloader.py [line:40] INFO: [200] <https://movie.douban.com/subject/3541415/>
2018-12-01 17:35:10 downloader.py [line:40] INFO: [200] <https://movie.douban.com/subject/2131459/>
2018-12-01 17:35:12 downloader.py [line:40] INFO: [200] <https://movie.douban.com/subject/3011091/>
2018-12-01 17:35:15 downloader.py [line:40] INFO: [200] <https://movie.douban.com/subject/3793023/>
2018-12-01 17:35:17 downloader.py [line:40] INFO: [200] <https://movie.douban.com/subject/1292001/>
2018-12-01 17:35:18 downloader.py [line:40] INFO: [200] <https://movie.douban.com/subject/1291549/>
2018-12-01 17:35:20 downloader.py [line:40] INFO: [200] <https://movie.douban.com/subject/1292213/>
2018-12-01 17:35:22 downloader.py [line:40] INFO: [200] <https://movie.douban.com/subject/1292064/>
2018-12-01 17:35:24 downloader.py [line:40] INFO: [200] <https://movie.douban.com/subject/1291841/>
2018-12-01 17:35:26 downloader.py [line:40] INFO: [200] <https://movie.douban.com/subject/1889243/>
2018-12-01 17:35:27 downloader.py [line:40] INFO: [200] <https://movie.douban.com/subject/1291560/>
2018-12-01 17:35:29 downloader.py [line:40] INFO: [200] <https://movie.douban.com/subject/5912992/>
2018-12-01 17:35:31 downloader.py [line:40] INFO: [200] <https://movie.douban.com/subject/1307914/>
2018-12-01 17:35:32 downloader.py [line:40] INFO: [200] <https://movie.douban.com/subject/1849031/>
2018-12-01 17:35:35 downloader.py [line:40] INFO: [200] <https://movie.douban.com/subject/6786002/>
2018-12-01 17:35:37 downloader.py [line:40] INFO: [200] <https://movie.douban.com/subject/3319755/>
2018-12-01 17:35:39 downloader.py [line:40] INFO: [200] <https://movie.douban.com/subject/1300267/>
2018-12-01 17:35:41 downloader.py [line:40] INFO: [200] <https://movie.douban.com/subject/25662329/>
2018-12-01 17:35:43 downloader.py [line:40] INFO: [200] <https://movie.douban.com/subject/1851857/>
2018-12-01 17:35:45 downloader.py [line:40] INFO: [200] <https://movie.douban.com/subject/1291828/>
2018-12-01 17:35:47 downloader.py [line:40] INFO: [200] <https://movie.douban.com/subject/1292365/>
2018-12-01 17:35:49 downloader.py [line:40] INFO: [200] <https://movie.douban.com/subject/1929463/>
2018-12-01 17:35:50 downloader.py [line:40] INFO: [200] <https://movie.douban.com/subject/1293182/>
2018-12-01 17:35:52 downloader.py [line:40] INFO: [200] <https://movie.douban.com/subject/1291858/>
2018-12-01 17:35:53 downloader.py [line:40] INFO: [200] <https://movie.douban.com/subject/1291552/>
2018-12-01 17:35:54 downloader.py [line:40] INFO: [200] <https://movie.douban.com/subject/1296141/>
2018-12-01 17:35:56 downloader.py [line:40] INFO: [200] <https://movie.douban.com/subject/1292000/>
2018-12-01 17:35:57 downloader.py [line:40] INFO: [200] <https://movie.douban.com/subject/1291583/>
2018-12-01 17:35:58 downloader.py [line:40] INFO: [200] <https://movie.douban.com/subject/2129039/>
2018-12-01 17:36:00 downloader.py [line:40] INFO: [200] <https://movie.douban.com/subject/1299398/>
2018-12-01 17:36:01 downloader.py [line:40] INFO: [200] <https://movie.douban.com/subject/1293839/>
2018-12-01 17:36:02 downloader.py [line:40] INFO: [200] <https://movie.douban.com/subject/26387939/>
2018-12-01 17:36:03 downloader.py [line:40] INFO: [200] <https://movie.douban.com/subject/1900841/>
2018-12-01 17:36:05 downloader.py [line:40] INFO: [200] <https://movie.douban.com/subject/21937445/>
2018-12-01 17:36:06 downloader.py [line:40] INFO: [200] <https://movie.douban.com/subject/1293350/>
2018-12-01 17:36:07 downloader.py [line:40] INFO: [200] <https://movie.douban.com/subject/1298624/>
2018-12-01 17:36:09 downloader.py [line:40] INFO: [200] <https://movie.douban.com/subject/1308807/>
2018-12-01 17:36:10 downloader.py [line:40] INFO: [200] <https://movie.douban.com/subject/1292224/>
2018-12-01 17:36:11 downloader.py [line:40] INFO: [200] <https://movie.douban.com/subject/1291548/>
2018-12-01 17:36:12 downloader.py [line:40] INFO: [200] <https://movie.douban.com/subject/1309046/>
2018-12-01 17:36:14 downloader.py [line:40] INFO: [200] <https://movie.douban.com/subject/3442220/>
2018-12-01 17:36:15 downloader.py [line:40] INFO: [200] <https://movie.douban.com/subject/1299131/>
2018-12-01 17:36:15 engine.py [line:34] INFO: End time : 2018-12-01 17:36:15.853000
2018-12-01 17:36:15 engine.py [line:37] INFO: Using time : 89.906 sec
2018-12-01 17:41:31 engine.py [line:29] INFO: Start time : 2018-12-01 17:41:31.300000
2018-12-01 17:41:31 scheduler.py [line:33] WARNING: Filter Request [GET] <http://www.baidu.com/>
2018-12-01 17:41:31 downloader.py [line:40] INFO: [200] <http://www.baidu.com/>
2018-12-01 17:41:31 downloader.py [line:40] INFO: [200] <http://news.baidu.com/>
2018-12-01 17:41:32 downloader.py [line:40] INFO: [200] <https://movie.douban.com/top250?start=0>
2018-12-01 17:41:32 downloader.py [line:40] INFO: [200] <https://movie.douban.com/top250?start=25>
2018-12-01 17:41:33 downloader.py [line:40] INFO: [200] <https://movie.douban.com/subject/1292052/>
2018-12-01 17:41:34 downloader.py [line:40] INFO: [200] <https://movie.douban.com/subject/1291546/>
2018-12-01 17:41:36 downloader.py [line:40] INFO: [200] <https://movie.douban.com/subject/1295644/>
2018-12-01 17:41:37 downloader.py [line:40] INFO: [200] <https://movie.douban.com/subject/1292720/>
2018-12-01 17:41:38 downloader.py [line:40] INFO: [200] <https://movie.douban.com/subject/1292063/>
2018-12-01 17:41:40 downloader.py [line:40] INFO: [200] <https://movie.douban.com/subject/1292722/>
2018-12-01 17:41:41 downloader.py [line:40] INFO: [200] <https://movie.douban.com/subject/1291561/>
2018-12-01 17:41:42 downloader.py [line:40] INFO: [200] <https://movie.douban.com/subject/1295124/>
2018-12-01 17:51:54 engine.py [line:29] INFO: Start time : 2018-12-01 17:51:54.092000
2018-12-01 17:51:54 scheduler.py [line:33] WARNING: Filter Request [GET] <http://www.baidu.com/>
2018-12-01 17:51:54 downloader.py [line:40] INFO: [200] <http://www.baidu.com/>
2018-12-01 17:51:54 downloader.py [line:40] INFO: [200] <http://news.baidu.com/>
2018-12-01 17:51:55 downloader.py [line:40] INFO: [200] <https://movie.douban.com/top250?start=0>
2018-12-01 17:51:55 downloader.py [line:40] INFO: [200] <https://movie.douban.com/top250?start=25>
2018-12-01 17:51:57 downloader.py [line:40] INFO: [200] <https://movie.douban.com/subject/1292052/>
2018-12-01 17:51:58 downloader.py [line:40] INFO: [200] <https://movie.douban.com/subject/1291546/>
2018-12-01 17:52:00 downloader.py [line:40] INFO: [200] <https://movie.douban.com/subject/1295644/>
2018-12-01 17:52:01 downloader.py [line:40] INFO: [200] <https://movie.douban.com/subject/1292720/>
2018-12-01 17:52:03 downloader.py [line:40] INFO: [200] <https://movie.douban.com/subject/1292063/>
2018-12-01 17:52:04 downloader.py [line:40] INFO: [200] <https://movie.douban.com/subject/1292722/>
2018-12-01 17:52:06 downloader.py [line:40] INFO: [200] <https://movie.douban.com/subject/1291561/>
2018-12-01 17:52:08 downloader.py [line:40] INFO: [200] <https://movie.douban.com/subject/1295124/>
2018-12-01 17:52:10 downloader.py [line:40] INFO: [200] <https://movie.douban.com/subject/3541415/>
2018-12-01 18:03:48 engine.py [line:31] INFO: Start time : 2018-12-01 18:03:48.383000
2018-12-01 18:03:48 scheduler.py [line:33] WARNING: Filter Request [GET] <http://www.baidu.com/>
2018-12-01 18:03:48 downloader.py [line:40] INFO: [200] <http://www.baidu.com/>
2018-12-01 18:04:41 engine.py [line:31] INFO: Start time : 2018-12-01 18:04:41.352000
2018-12-01 18:04:41 scheduler.py [line:33] WARNING: Filter Request [GET] <http://www.baidu.com/>
2018-12-01 18:04:41 downloader.py [line:40] INFO: [200] <http://www.baidu.com/>
2018-12-01 18:04:41 downloader.py [line:40] INFO: [200] <http://news.baidu.com/>
2018-12-01 18:04:43 downloader.py [line:40] INFO: [200] <https://movie.douban.com/top250?start=0>
2018-12-01 18:04:44 downloader.py [line:40] INFO: [200] <https://movie.douban.com/top250?start=25>
2018-12-01 18:04:46 downloader.py [line:40] INFO: [200] <https://movie.douban.com/subject/1292052/>
2018-12-01 18:04:48 downloader.py [line:40] INFO: [200] <https://movie.douban.com/subject/1291546/>
2018-12-01 18:04:50 downloader.py [line:40] INFO: [200] <https://movie.douban.com/subject/1295644/>
2018-12-01 18:04:52 downloader.py [line:40] INFO: [200] <https://movie.douban.com/subject/1292720/>
2018-12-01 18:04:54 downloader.py [line:40] INFO: [200] <https://movie.douban.com/subject/1292063/>
2018-12-01 18:04:56 downloader.py [line:40] INFO: [200] <https://movie.douban.com/subject/1292722/>
2018-12-01 18:04:58 downloader.py [line:40] INFO: [200] <https://movie.douban.com/subject/1291561/>
2018-12-01 18:04:59 downloader.py [line:40] INFO: [200] <https://movie.douban.com/subject/1295124/>
2018-12-01 18:05:02 downloader.py [line:40] INFO: [200] <https://movie.douban.com/subject/3541415/>
2018-12-01 18:22:24 engine.py [line:35] INFO: Start time : 2018-12-01 18:22:24.614000
2018-12-01 18:22:24 scheduler.py [line:33] WARNING: Filter Request [GET] <http://www.baidu.com/>
2018-12-01 18:23:40 engine.py [line:35] INFO: Start time : 2018-12-01 18:23:40.374000
2018-12-01 18:23:40 scheduler.py [line:33] WARNING: Filter Request [GET] <http://www.baidu.com/>
2018-12-01 18:25:15 engine.py [line:35] INFO: Start time : 2018-12-01 18:25:15.451000
2018-12-01 18:25:15 scheduler.py [line:33] WARNING: Filter Request [GET] <http://www.baidu.com/>
2018-12-01 18:25:24 downloader.py [line:40] INFO: [200] <http://www.baidu.com/>
2018-12-01 18:25:46 engine.py [line:35] INFO: Start time : 2018-12-01 18:25:46.587000
2018-12-01 18:25:46 scheduler.py [line:33] WARNING: Filter Request [GET] <http://www.baidu.com/>
2018-12-01 18:25:46 downloader.py [line:40] INFO: [200] <http://www.baidu.com/>
2018-12-01 18:25:46 downloader.py [line:40] INFO: [200] <http://news.baidu.com/>
2018-12-01 18:54:50 engine.py [line:79] INFO: Start time : 2018-12-01 18:54:50.604000
2018-12-01 18:54:50 scheduler.py [line:33] WARNING: Filter Request [GET] <http://www.baidu.com/>
2018-12-01 18:54:50 downloader.py [line:40] INFO: [200] <http://www.baidu.com/>
2018-12-01 18:54:51 downloader.py [line:40] INFO: [200] <http://news.baidu.com/>
2018-12-01 18:54:52 downloader.py [line:40] INFO: [200] <https://movie.douban.com/top250?start=0>
2018-12-01 18:54:53 downloader.py [line:40] INFO: [200] <https://movie.douban.com/top250?start=25>
2018-12-01 18:54:55 downloader.py [line:40] INFO: [200] <https://movie.douban.com/subject/1292052/>
2018-12-01 18:54:57 downloader.py [line:40] INFO: [200] <https://movie.douban.com/subject/1291546/>
2018-12-01 18:54:59 downloader.py [line:40] INFO: [200] <https://movie.douban.com/subject/1295644/>
2018-12-01 18:55:00 downloader.py [line:40] INFO: [200] <https://movie.douban.com/subject/1292720/>
2018-12-01 18:55:02 downloader.py [line:40] INFO: [200] <https://movie.douban.com/subject/1292063/>
2018-12-01 18:55:04 downloader.py [line:40] INFO: [200] <https://movie.douban.com/subject/1292722/>
2018-12-01 18:55:23 engine.py [line:79] INFO: Start time : 2018-12-01 18:55:23.213000
2018-12-01 18:55:23 scheduler.py [line:33] WARNING: Filter Request [GET] <http://www.baidu.com/>
2018-12-01 18:55:23 downloader.py [line:40] INFO: [200] <http://www.baidu.com/>
2018-12-01 18:55:23 downloader.py [line:40] INFO: [200] <http://news.baidu.com/>
2018-12-01 18:55:24 engine.py [line:84] INFO: End time : 2018-12-01 18:55:24.140000
2018-12-01 18:55:24 engine.py [line:87] INFO: Using time : 0.927 sec
2018-12-01 18:55:35 engine.py [line:79] INFO: Start time : 2018-12-01 18:55:35.554000
2018-12-01 18:55:35 scheduler.py [line:33] WARNING: Filter Request [GET] <http://www.baidu.com/>
2018-12-01 18:55:35 downloader.py [line:40] INFO: [200] <http://www.baidu.com/>
2018-12-01 18:55:35 downloader.py [line:40] INFO: [200] <http://news.baidu.com/>
2018-12-01 18:55:36 downloader.py [line:40] INFO: [200] <https://movie.douban.com/top250?start=0>
2018-12-01 18:55:37 downloader.py [line:40] INFO: [200] <https://movie.douban.com/top250?start=25>
2018-12-01 18:55:39 downloader.py [line:40] INFO: [200] <https://movie.douban.com/subject/1292052/>
2018-12-01 18:55:40 downloader.py [line:40] INFO: [200] <https://movie.douban.com/subject/1291546/>
2018-12-01 18:55:42 downloader.py [line:40] INFO: [200] <https://movie.douban.com/subject/1295644/>
2018-12-01 18:55:44 downloader.py [line:40] INFO: [200] <https://movie.douban.com/subject/1292720/>
2018-12-01 18:55:46 downloader.py [line:40] INFO: [200] <https://movie.douban.com/subject/1292063/>
2018-12-01 18:55:48 downloader.py [line:40] INFO: [200] <https://movie.douban.com/subject/1292722/>
2018-12-01 18:55:49 downloader.py [line:40] INFO: [200] <https://movie.douban.com/subject/1291561/>
2018-12-01 18:55:51 downloader.py [line:40] INFO: [200] <https://movie.douban.com/subject/1295124/>
2018-12-01 18:55:53 downloader.py [line:40] INFO: [200] <https://movie.douban.com/subject/3541415/>
2018-12-01 18:55:54 downloader.py [line:40] INFO: [200] <https://movie.douban.com/subject/2131459/>
2018-12-01 18:55:56 downloader.py [line:40] INFO: [200] <https://movie.douban.com/subject/3011091/>
2018-12-01 18:55:58 downloader.py [line:40] INFO: [200] <https://movie.douban.com/subject/3793023/>
2018-12-01 18:55:59 downloader.py [line:40] INFO: [200] <https://movie.douban.com/subject/1292001/>
2018-12-01 18:56:01 downloader.py [line:40] INFO: [200] <https://movie.douban.com/subject/1291549/>
2018-12-01 18:56:02 downloader.py [line:40] INFO: [200] <https://movie.douban.com/subject/1292213/>
2018-12-01 18:56:04 downloader.py [line:40] INFO: [200] <https://movie.douban.com/subject/1292064/>
2018-12-01 18:56:06 downloader.py [line:40] INFO: [200] <https://movie.douban.com/subject/1291841/>
2018-12-01 18:56:07 downloader.py [line:40] INFO: [200] <https://movie.douban.com/subject/1889243/>
2018-12-01 18:56:10 downloader.py [line:40] INFO: [200] <https://movie.douban.com/subject/1291560/>
2018-12-01 18:56:11 downloader.py [line:40] INFO: [200] <https://movie.douban.com/subject/5912992/>
2018-12-01 18:56:13 downloader.py [line:40] INFO: [200] <https://movie.douban.com/subject/1307914/>
2018-12-01 18:56:14 downloader.py [line:40] INFO: [200] <https://movie.douban.com/subject/1849031/>
2018-12-01 18:56:16 downloader.py [line:40] INFO: [200] <https://movie.douban.com/subject/6786002/>
2018-12-01 18:56:18 downloader.py [line:40] INFO: [200] <https://movie.douban.com/subject/3319755/>
2018-12-01 18:56:20 downloader.py [line:40] INFO: [200] <https://movie.douban.com/subject/1300267/>
2018-12-01 18:56:22 downloader.py [line:40] INFO: [200] <https://movie.douban.com/subject/25662329/>
2018-12-01 18:56:25 downloader.py [line:40] INFO: [200] <https://movie.douban.com/subject/1851857/>
2018-12-01 18:56:28 downloader.py [line:40] INFO: [200] <https://movie.douban.com/subject/1291828/>
2018-12-01 18:56:30 downloader.py [line:40] INFO: [200] <https://movie.douban.com/subject/1292365/>
2018-12-01 18:56:32 downloader.py [line:40] INFO: [200] <https://movie.douban.com/subject/1929463/>
2018-12-01 18:56:35 downloader.py [line:40] INFO: [200] <https://movie.douban.com/subject/1293182/>
2018-12-01 18:56:37 downloader.py [line:40] INFO: [200] <https://movie.douban.com/subject/1291858/>
2018-12-01 18:56:38 downloader.py [line:40] INFO: [200] <https://movie.douban.com/subject/1291552/>
2018-12-01 18:56:40 downloader.py [line:40] INFO: [200] <https://movie.douban.com/subject/1296141/>
2018-12-01 18:56:43 downloader.py [line:40] INFO: [200] <https://movie.douban.com/subject/1292000/>
2018-12-01 18:56:45 downloader.py [line:40] INFO: [200] <https://movie.douban.com/subject/1291583/>
2018-12-01 18:56:48 downloader.py [line:40] INFO: [200] <https://movie.douban.com/subject/2129039/>
2018-12-01 18:56:50 downloader.py [line:40] INFO: [200] <https://movie.douban.com/subject/1299398/>
2018-12-01 18:56:53 downloader.py [line:40] INFO: [200] <https://movie.douban.com/subject/1293839/>
2018-12-01 18:56:56 downloader.py [line:40] INFO: [200] <https://movie.douban.com/subject/26387939/>
2018-12-01 18:56:58 downloader.py [line:40] INFO: [200] <https://movie.douban.com/subject/1900841/>
2018-12-01 18:57:01 downloader.py [line:40] INFO: [200] <https://movie.douban.com/subject/21937445/>
2018-12-01 18:57:03 downloader.py [line:40] INFO: [200] <https://movie.douban.com/subject/1293350/>
2018-12-01 18:57:05 downloader.py [line:40] INFO: [200] <https://movie.douban.com/subject/1298624/>
2018-12-01 18:57:07 downloader.py [line:40] INFO: [200] <https://movie.douban.com/subject/1308807/>
2018-12-01 18:57:09 downloader.py [line:40] INFO: [200] <https://movie.douban.com/subject/1292224/>
2018-12-01 18:57:10 downloader.py [line:40] INFO: [200] <https://movie.douban.com/subject/1291548/>
2018-12-01 18:57:12 downloader.py [line:40] INFO: [200] <https://movie.douban.com/subject/1309046/>
2018-12-01 18:57:14 downloader.py [line:40] INFO: [200] <https://movie.douban.com/subject/3442220/>
2018-12-01 18:57:15 downloader.py [line:40] INFO: [200] <https://movie.douban.com/subject/1299131/>
2018-12-01 18:57:16 engine.py [line:84] INFO: End time : 2018-12-01 18:57:16.830000
2018-12-01 18:57:16 engine.py [line:87] INFO: Using time : 101.276 sec
